

Started GET "/album" for 127.0.0.1 at 2017-01-30 21:43:59 +0100

ActiveRecord::PendingMigrationError (

Migrations are pending. To resolve this issue, run:

	bin/rake db:migrate RAILS_ENV=development

):
  activerecord (4.2.4) lib/active_record/migration.rb:392:in `check_pending!'
  activerecord (4.2.4) lib/active_record/migration.rb:373:in `call'
  actionpack (4.2.4) lib/action_dispatch/middleware/callbacks.rb:29:in `block in call'
  activesupport (4.2.4) lib/active_support/callbacks.rb:88:in `__run_callbacks__'
  activesupport (4.2.4) lib/active_support/callbacks.rb:778:in `_run_call_callbacks'
  activesupport (4.2.4) lib/active_support/callbacks.rb:81:in `run_callbacks'
  actionpack (4.2.4) lib/action_dispatch/middleware/callbacks.rb:27:in `call'
  actionpack (4.2.4) lib/action_dispatch/middleware/reloader.rb:73:in `call'
  actionpack (4.2.4) lib/action_dispatch/middleware/remote_ip.rb:78:in `call'
  actionpack (4.2.4) lib/action_dispatch/middleware/debug_exceptions.rb:17:in `call'
  web-console (2.2.1) lib/web_console/middleware.rb:39:in `call'
  actionpack (4.2.4) lib/action_dispatch/middleware/show_exceptions.rb:30:in `call'
  railties (4.2.4) lib/rails/rack/logger.rb:38:in `call_app'
  railties (4.2.4) lib/rails/rack/logger.rb:20:in `block in call'
  activesupport (4.2.4) lib/active_support/tagged_logging.rb:68:in `block in tagged'
  activesupport (4.2.4) lib/active_support/tagged_logging.rb:26:in `tagged'
  activesupport (4.2.4) lib/active_support/tagged_logging.rb:68:in `tagged'
  railties (4.2.4) lib/rails/rack/logger.rb:20:in `call'
  actionpack (4.2.4) lib/action_dispatch/middleware/request_id.rb:21:in `call'
  rack (1.6.4) lib/rack/methodoverride.rb:22:in `call'
  rack (1.6.4) lib/rack/runtime.rb:18:in `call'
  activesupport (4.2.4) lib/active_support/cache/strategy/local_cache_middleware.rb:28:in `call'
  rack (1.6.4) lib/rack/lock.rb:17:in `call'
  actionpack (4.2.4) lib/action_dispatch/middleware/static.rb:116:in `call'
  rack (1.6.4) lib/rack/sendfile.rb:113:in `call'
  railties (4.2.4) lib/rails/engine.rb:518:in `call'
  railties (4.2.4) lib/rails/application.rb:165:in `call'
  rack (1.6.4) lib/rack/lock.rb:17:in `call'
  rack (1.6.4) lib/rack/content_length.rb:15:in `call'
  rack (1.6.4) lib/rack/handler/webrick.rb:88:in `service'
  /home/alexashooo/.rvm/rubies/ruby-2.2.2/lib/ruby/2.2.0/webrick/httpserver.rb:138:in `service'
  /home/alexashooo/.rvm/rubies/ruby-2.2.2/lib/ruby/2.2.0/webrick/httpserver.rb:94:in `run'
  /home/alexashooo/.rvm/rubies/ruby-2.2.2/lib/ruby/2.2.0/webrick/server.rb:294:in `block in start_thread'


  Rendered /home/alexashooo/.rvm/gems/ruby-2.2.2/gems/actionpack-4.2.4/lib/action_dispatch/middleware/templates/rescues/_source.erb (3.5ms)
  Rendered /home/alexashooo/.rvm/gems/ruby-2.2.2/gems/actionpack-4.2.4/lib/action_dispatch/middleware/templates/rescues/_trace.html.erb (2.7ms)
  Rendered /home/alexashooo/.rvm/gems/ruby-2.2.2/gems/actionpack-4.2.4/lib/action_dispatch/middleware/templates/rescues/_request_and_response.html.erb (1.1ms)
  Rendered /home/alexashooo/.rvm/gems/ruby-2.2.2/gems/actionpack-4.2.4/lib/action_dispatch/middleware/templates/rescues/diagnostics.html.erb within rescues/layout (19.1ms)
  Rendered /home/alexashooo/.rvm/gems/ruby-2.2.2/gems/web-console-2.2.1/lib/web_console/templates/_markup.html.erb (0.4ms)
  Rendered /home/alexashooo/.rvm/gems/ruby-2.2.2/gems/web-console-2.2.1/lib/web_console/templates/_inner_console_markup.html.erb within layouts/inlined_string (0.2ms)
  Rendered /home/alexashooo/.rvm/gems/ruby-2.2.2/gems/web-console-2.2.1/lib/web_console/templates/_prompt_box_markup.html.erb within layouts/inlined_string (0.2ms)
  Rendered /home/alexashooo/.rvm/gems/ruby-2.2.2/gems/web-console-2.2.1/lib/web_console/templates/style.css.erb within layouts/inlined_string (0.3ms)
  Rendered /home/alexashooo/.rvm/gems/ruby-2.2.2/gems/web-console-2.2.1/lib/web_console/templates/console.js.erb within layouts/javascript (13.3ms)
  Rendered /home/alexashooo/.rvm/gems/ruby-2.2.2/gems/web-console-2.2.1/lib/web_console/templates/main.js.erb within layouts/javascript (0.4ms)
  Rendered /home/alexashooo/.rvm/gems/ruby-2.2.2/gems/web-console-2.2.1/lib/web_console/templates/error_page.js.erb within layouts/javascript (0.6ms)
  Rendered /home/alexashooo/.rvm/gems/ruby-2.2.2/gems/web-console-2.2.1/lib/web_console/templates/index.html.erb (29.4ms)
  [1m[36m (64.3ms)[0m  [1mCREATE TABLE "schema_migrations" ("version" varchar NOT NULL) [0m
  [1m[35m (0.1ms)[0m  select sqlite_version(*)
  [1m[36m (67.5ms)[0m  [1mCREATE UNIQUE INDEX "unique_schema_migrations" ON "schema_migrations" ("version")[0m
  [1m[35mActiveRecord::SchemaMigration Load (0.1ms)[0m  SELECT "schema_migrations".* FROM "schema_migrations"
Migrating to DeviseCreateUsers (20151108145707)
  [1m[36m (0.1ms)[0m  [1mbegin transaction[0m
  [1m[35m (0.7ms)[0m  CREATE TABLE "users" ("id" INTEGER PRIMARY KEY AUTOINCREMENT NOT NULL, "email" varchar DEFAULT '' NOT NULL, "encrypted_password" varchar DEFAULT '' NOT NULL, "reset_password_token" varchar, "reset_password_sent_at" datetime, "remember_created_at" datetime, "sign_in_count" integer DEFAULT 0 NOT NULL, "current_sign_in_at" datetime, "last_sign_in_at" datetime, "current_sign_in_ip" varchar, "last_sign_in_ip" varchar, "created_at" datetime NOT NULL, "updated_at" datetime NOT NULL) 
  [1m[36m (0.4ms)[0m  [1mCREATE UNIQUE INDEX "index_users_on_email" ON "users" ("email")[0m
  [1m[35m (0.3ms)[0m              SELECT sql
            FROM sqlite_master
            WHERE name='index_users_on_email' AND type='index'
            UNION ALL
            SELECT sql
            FROM sqlite_temp_master
            WHERE name='index_users_on_email' AND type='index'

  [1m[36m (0.3ms)[0m  [1mCREATE UNIQUE INDEX "index_users_on_reset_password_token" ON "users" ("reset_password_token")[0m
  [1m[35mSQL (0.1ms)[0m  INSERT INTO "schema_migrations" ("version") VALUES (?)  [["version", "20151108145707"]]
  [1m[36m (68.0ms)[0m  [1mcommit transaction[0m
Migrating to AddNameToUsers (20151121181624)
  [1m[35m (0.1ms)[0m  begin transaction
  [1m[36m (0.3ms)[0m  [1mALTER TABLE "users" ADD "name" varchar[0m
  [1m[35mSQL (0.1ms)[0m  INSERT INTO "schema_migrations" ("version") VALUES (?)  [["version", "20151121181624"]]
  [1m[36m (53.4ms)[0m  [1mcommit transaction[0m
Migrating to CreateItems (20151122113732)
  [1m[35m (0.1ms)[0m  begin transaction
  [1m[36m (0.5ms)[0m  [1mCREATE TABLE "items" ("id" INTEGER PRIMARY KEY AUTOINCREMENT NOT NULL, "name" varchar, "user_id" integer, "created_at" datetime NOT NULL, "updated_at" datetime NOT NULL) [0m
  [1m[35m (0.3ms)[0m  CREATE  INDEX "index_items_on_user_id" ON "items" ("user_id")
  [1m[36mSQL (0.2ms)[0m  [1mINSERT INTO "schema_migrations" ("version") VALUES (?)[0m  [["version", "20151122113732"]]
  [1m[35m (66.9ms)[0m  commit transaction
Migrating to AddItemsToUsers (20151122123148)
  [1m[36m (0.1ms)[0m  [1mbegin transaction[0m
  [1m[35m (0.6ms)[0m  ALTER TABLE "users" ADD "item_id" integer
  [1m[36m (0.2ms)[0m  [1m            SELECT sql
            FROM sqlite_master
            WHERE name='index_users_on_reset_password_token' AND type='index'
            UNION ALL
            SELECT sql
            FROM sqlite_temp_master
            WHERE name='index_users_on_reset_password_token' AND type='index'
[0m
  [1m[35m (0.2ms)[0m              SELECT sql
            FROM sqlite_master
            WHERE name='index_users_on_email' AND type='index'
            UNION ALL
            SELECT sql
            FROM sqlite_temp_master
            WHERE name='index_users_on_email' AND type='index'

  [1m[36m (0.3ms)[0m  [1mCREATE  INDEX "index_users_on_item_id" ON "users" ("item_id")[0m
  [1m[35mSQL (0.2ms)[0m  INSERT INTO "schema_migrations" ("version") VALUES (?)  [["version", "20151122123148"]]
  [1m[36m (72.4ms)[0m  [1mcommit transaction[0m
Migrating to DeviseCreateModels (20151128161834)
  [1m[35m (0.1ms)[0m  begin transaction
  [1m[36m (0.5ms)[0m  [1mCREATE TABLE "models" ("id" INTEGER PRIMARY KEY AUTOINCREMENT NOT NULL, "email" varchar DEFAULT '' NOT NULL, "encrypted_password" varchar DEFAULT '' NOT NULL, "reset_password_token" varchar, "reset_password_sent_at" datetime, "remember_created_at" datetime, "sign_in_count" integer DEFAULT 0 NOT NULL, "current_sign_in_at" datetime, "last_sign_in_at" datetime, "current_sign_in_ip" varchar, "last_sign_in_ip" varchar, "created_at" datetime NOT NULL, "updated_at" datetime NOT NULL) [0m
  [1m[35m (0.4ms)[0m  CREATE UNIQUE INDEX "index_models_on_email" ON "models" ("email")
  [1m[36m (0.2ms)[0m  [1m            SELECT sql
            FROM sqlite_master
            WHERE name='index_models_on_email' AND type='index'
            UNION ALL
            SELECT sql
            FROM sqlite_temp_master
            WHERE name='index_models_on_email' AND type='index'
[0m
  [1m[35m (0.3ms)[0m  CREATE UNIQUE INDEX "index_models_on_reset_password_token" ON "models" ("reset_password_token")
  [1m[36mSQL (0.2ms)[0m  [1mINSERT INTO "schema_migrations" ("version") VALUES (?)[0m  [["version", "20151128161834"]]
  [1m[35m (73.1ms)[0m  commit transaction
  [1m[36mActiveRecord::SchemaMigration Load (0.1ms)[0m  [1mSELECT "schema_migrations".* FROM "schema_migrations"[0m
  [1m[35m (0.1ms)[0m              SELECT sql
            FROM sqlite_master
            WHERE name='index_items_on_user_id' AND type='index'
            UNION ALL
            SELECT sql
            FROM sqlite_temp_master
            WHERE name='index_items_on_user_id' AND type='index'

  [1m[36m (0.1ms)[0m  [1m            SELECT sql
            FROM sqlite_master
            WHERE name='index_models_on_reset_password_token' AND type='index'
            UNION ALL
            SELECT sql
            FROM sqlite_temp_master
            WHERE name='index_models_on_reset_password_token' AND type='index'
[0m
  [1m[35m (0.1ms)[0m              SELECT sql
            FROM sqlite_master
            WHERE name='index_models_on_email' AND type='index'
            UNION ALL
            SELECT sql
            FROM sqlite_temp_master
            WHERE name='index_models_on_email' AND type='index'

  [1m[36m (0.1ms)[0m  [1m            SELECT sql
            FROM sqlite_master
            WHERE name='index_users_on_item_id' AND type='index'
            UNION ALL
            SELECT sql
            FROM sqlite_temp_master
            WHERE name='index_users_on_item_id' AND type='index'
[0m
  [1m[35m (0.1ms)[0m              SELECT sql
            FROM sqlite_master
            WHERE name='index_users_on_reset_password_token' AND type='index'
            UNION ALL
            SELECT sql
            FROM sqlite_temp_master
            WHERE name='index_users_on_reset_password_token' AND type='index'

  [1m[36m (0.1ms)[0m  [1m            SELECT sql
            FROM sqlite_master
            WHERE name='index_users_on_email' AND type='index'
            UNION ALL
            SELECT sql
            FROM sqlite_temp_master
            WHERE name='index_users_on_email' AND type='index'
[0m


Started GET "/album" for 127.0.0.1 at 2017-01-30 21:44:25 +0100
  [1m[36mActiveRecord::SchemaMigration Load (0.1ms)[0m  [1mSELECT "schema_migrations".* FROM "schema_migrations"[0m

ActionController::RoutingError (No route matches [GET] "/album"):
  actionpack (4.2.4) lib/action_dispatch/middleware/debug_exceptions.rb:21:in `call'
  web-console (2.2.1) lib/web_console/middleware.rb:39:in `call'
  actionpack (4.2.4) lib/action_dispatch/middleware/show_exceptions.rb:30:in `call'
  railties (4.2.4) lib/rails/rack/logger.rb:38:in `call_app'
  railties (4.2.4) lib/rails/rack/logger.rb:20:in `block in call'
  activesupport (4.2.4) lib/active_support/tagged_logging.rb:68:in `block in tagged'
  activesupport (4.2.4) lib/active_support/tagged_logging.rb:26:in `tagged'
  activesupport (4.2.4) lib/active_support/tagged_logging.rb:68:in `tagged'
  railties (4.2.4) lib/rails/rack/logger.rb:20:in `call'
  actionpack (4.2.4) lib/action_dispatch/middleware/request_id.rb:21:in `call'
  rack (1.6.4) lib/rack/methodoverride.rb:22:in `call'
  rack (1.6.4) lib/rack/runtime.rb:18:in `call'
  activesupport (4.2.4) lib/active_support/cache/strategy/local_cache_middleware.rb:28:in `call'
  rack (1.6.4) lib/rack/lock.rb:17:in `call'
  actionpack (4.2.4) lib/action_dispatch/middleware/static.rb:116:in `call'
  rack (1.6.4) lib/rack/sendfile.rb:113:in `call'
  railties (4.2.4) lib/rails/engine.rb:518:in `call'
  railties (4.2.4) lib/rails/application.rb:165:in `call'
  rack (1.6.4) lib/rack/lock.rb:17:in `call'
  rack (1.6.4) lib/rack/content_length.rb:15:in `call'
  rack (1.6.4) lib/rack/handler/webrick.rb:88:in `service'
  /home/alexashooo/.rvm/rubies/ruby-2.2.2/lib/ruby/2.2.0/webrick/httpserver.rb:138:in `service'
  /home/alexashooo/.rvm/rubies/ruby-2.2.2/lib/ruby/2.2.0/webrick/httpserver.rb:94:in `run'
  /home/alexashooo/.rvm/rubies/ruby-2.2.2/lib/ruby/2.2.0/webrick/server.rb:294:in `block in start_thread'


  Rendered /home/alexashooo/.rvm/gems/ruby-2.2.2/gems/actionpack-4.2.4/lib/action_dispatch/middleware/templates/rescues/_trace.html.erb (1.4ms)
  Rendered /home/alexashooo/.rvm/gems/ruby-2.2.2/gems/actionpack-4.2.4/lib/action_dispatch/middleware/templates/routes/_route.html.erb (2.8ms)
  Rendered /home/alexashooo/.rvm/gems/ruby-2.2.2/gems/actionpack-4.2.4/lib/action_dispatch/middleware/templates/routes/_table.html.erb (6.7ms)
  Rendered /home/alexashooo/.rvm/gems/ruby-2.2.2/gems/actionpack-4.2.4/lib/action_dispatch/middleware/templates/rescues/_request_and_response.html.erb (7.0ms)
  Rendered /home/alexashooo/.rvm/gems/ruby-2.2.2/gems/actionpack-4.2.4/lib/action_dispatch/middleware/templates/rescues/routing_error.html.erb within rescues/layout (49.2ms)
  Rendered /home/alexashooo/.rvm/gems/ruby-2.2.2/gems/web-console-2.2.1/lib/web_console/templates/_markup.html.erb (0.2ms)
  Rendered /home/alexashooo/.rvm/gems/ruby-2.2.2/gems/web-console-2.2.1/lib/web_console/templates/_inner_console_markup.html.erb within layouts/inlined_string (0.2ms)
  Rendered /home/alexashooo/.rvm/gems/ruby-2.2.2/gems/web-console-2.2.1/lib/web_console/templates/_prompt_box_markup.html.erb within layouts/inlined_string (0.2ms)
  Rendered /home/alexashooo/.rvm/gems/ruby-2.2.2/gems/web-console-2.2.1/lib/web_console/templates/style.css.erb within layouts/inlined_string (0.2ms)
  Rendered /home/alexashooo/.rvm/gems/ruby-2.2.2/gems/web-console-2.2.1/lib/web_console/templates/console.js.erb within layouts/javascript (12.0ms)
  Rendered /home/alexashooo/.rvm/gems/ruby-2.2.2/gems/web-console-2.2.1/lib/web_console/templates/main.js.erb within layouts/javascript (0.2ms)
  Rendered /home/alexashooo/.rvm/gems/ruby-2.2.2/gems/web-console-2.2.1/lib/web_console/templates/error_page.js.erb within layouts/javascript (0.2ms)
  Rendered /home/alexashooo/.rvm/gems/ruby-2.2.2/gems/web-console-2.2.1/lib/web_console/templates/index.html.erb (24.1ms)


Started GET "/" for 127.0.0.1 at 2017-01-30 21:45:05 +0100
Processing by WelcomeController#index as HTML
Completed 401 Unauthorized in 5ms (ActiveRecord: 0.0ms)


Started GET "/users/sign_in" for 127.0.0.1 at 2017-01-30 21:45:06 +0100
Processing by Users::SessionsController#new as HTML
  Rendered devise/shared/_links.html.erb (1.0ms)
  Rendered devise/sessions/new.html.erb within layouts/application (8.6ms)
Completed 200 OK in 3680ms (Views: 3663.7ms | ActiveRecord: 0.7ms)


Started GET "/assets/application.self-428a471253ffe3122a162fb3369c2bda46dedf6dfa68d265c70725c2b1cdf791.css?body=1" for 127.0.0.1 at 2017-01-30 21:45:10 +0100


Started GET "/assets/bootstrap/alert.self-896ab026e6823f5cef2441e07dac53d0692a5b772ac58b1ce20aa624c342d3f4.js?body=1" for 127.0.0.1 at 2017-01-30 21:45:10 +0100


Started GET "/assets/bootstrap/carousel.self-b2e5e14483e6c31343a83861b7d487620f143d6fc2d07d5ae7544b6b225ba6be.js?body=1" for 127.0.0.1 at 2017-01-30 21:45:10 +0100


Started GET "/assets/bootstrap/button.self-d19f3e2bcd3a7a4d75c11b9141b3fabd2c11987da1e99c85548ec3ecf8db30c3.js?body=1" for 127.0.0.1 at 2017-01-30 21:45:10 +0100


Started GET "/assets/jquery.self-a714331225dda820228db323939889f149aec0127aeb06255646b616ba1ca419.js?body=1" for 127.0.0.1 at 2017-01-30 21:45:10 +0100


Started GET "/assets/bootstrap/affix.self-f7aef9d98ee5ece34a6a92a6a15bba777d93e8d908b75c95a85088277f394200.js?body=1" for 127.0.0.1 at 2017-01-30 21:45:10 +0100


Started GET "/assets/bootstrap/collapse.self-93820e9b486e375a7fb4477602def3a6f8381fa6d50938d5378297ffbe4a1248.js?body=1" for 127.0.0.1 at 2017-01-30 21:45:10 +0100


Started GET "/assets/bootstrap/dropdown.self-30536ae4d54b2685c26b5787ed0eb549a9075717fe690cce6270873bedf2df00.js?body=1" for 127.0.0.1 at 2017-01-30 21:45:10 +0100


Started GET "/assets/bootstrap/tab.self-9b77df34cbbb08ec93a806d6cdb741f04e3dbf3389978a0679146f2d2987bc89.js?body=1" for 127.0.0.1 at 2017-01-30 21:45:10 +0100


Started GET "/assets/bootstrap/modal.self-bcfe54f3132bf16a8c5ce4289e47eba488f6522a08f49f378a037061c6c7aa4c.js?body=1" for 127.0.0.1 at 2017-01-30 21:45:10 +0100


Started GET "/assets/bootstrap/transition.self-9616c4e856b57659b67da3c6f2adcd584b5601ef4bebcdadab8ebb387d80bb25.js?body=1" for 127.0.0.1 at 2017-01-30 21:45:10 +0100


Started GET "/assets/bootstrap/scrollspy.self-c5c6ed008955656d345067e9821d79f1216b8383134d08465d4aa1a33a2b93b4.js?body=1" for 127.0.0.1 at 2017-01-30 21:45:10 +0100


Started GET "/assets/bootstrap/popover.self-b73e9c9111d01148e24bbc46e096782e024dc5db630e7078cf11ed2587ef8551.js?body=1" for 127.0.0.1 at 2017-01-30 21:45:10 +0100


Started GET "/assets/bootstrap/tooltip.self-3aa41fbe871573b34e0ebddf31598cd5a11a9841ca85f90934ea46326e46626d.js?body=1" for 127.0.0.1 at 2017-01-30 21:45:10 +0100


Started GET "/assets/items.self-877aef30ae1b040ab8a3aba4e3e309a11d7f2612f44dde450b5c157aa5f95c05.js?body=1" for 127.0.0.1 at 2017-01-30 21:45:10 +0100


Started GET "/assets/turbolinks.self-c37727e9bd6b2735da5c311aa83fead54ed0be6cc8bd9a65309e9c5abe2cbfff.js?body=1" for 127.0.0.1 at 2017-01-30 21:45:10 +0100


Started GET "/assets/bootstrap-sprockets.self-fbfa5ad7d9aa0afe439ec4ff3883acc4cb92b62cb67c40d674320c9aa1d4642d.js?body=1" for 127.0.0.1 at 2017-01-30 21:45:10 +0100


Started GET "/assets/jquery_ujs.self-d456baa54c1fa6be2ec3711f0a72ddf7a5b2f34a6b4f515f33767d6207b7d4b3.js?body=1" for 127.0.0.1 at 2017-01-30 21:45:10 +0100


Started GET "/assets/users.self-877aef30ae1b040ab8a3aba4e3e309a11d7f2612f44dde450b5c157aa5f95c05.js?body=1" for 127.0.0.1 at 2017-01-30 21:45:10 +0100


Started GET "/assets/registrations.self-877aef30ae1b040ab8a3aba4e3e309a11d7f2612f44dde450b5c157aa5f95c05.js?body=1" for 127.0.0.1 at 2017-01-30 21:45:10 +0100


Started GET "/assets/welcome.self-877aef30ae1b040ab8a3aba4e3e309a11d7f2612f44dde450b5c157aa5f95c05.js?body=1" for 127.0.0.1 at 2017-01-30 21:45:10 +0100


Started GET "/assets/application.self-f8806224e027f3e3f0138ea9ce99319e298dfdb323304d1f1be6eae8e8c74724.js?body=1" for 127.0.0.1 at 2017-01-30 21:45:10 +0100


Started GET "/users/sign_up" for 127.0.0.1 at 2017-01-30 21:45:17 +0100
Processing by RegistrationsController#new as HTML
  Rendered devise/shared/_links.html.erb (0.2ms)
  Rendered devise/registrations/new.html.erb within layouts/application (3.1ms)
Completed 200 OK in 103ms (Views: 101.6ms | ActiveRecord: 0.0ms)


Started POST "/users" for 127.0.0.1 at 2017-01-30 21:46:06 +0100
Processing by RegistrationsController#create as HTML
  Parameters: {"utf8"=>"✓", "authenticity_token"=>"mM/j7s0F9CcSDbPKv2TMHd3wpJ5SacG02RPDF5zCO59jGGks2KUyfKqgzQDvNxXp7SIw8CqfuY2NdojEP43A8g==", "user"=>{"email"=>"Milutn.milutn@milutn.com", "name"=>"Milutn", "password"=>"[FILTERED]", "password_confirmation"=>"[FILTERED]"}, "commit"=>"Sign up"}
  [1m[35m (0.1ms)[0m  begin transaction
  [1m[36mUser Exists (0.2ms)[0m  [1mSELECT  1 AS one FROM "users" WHERE "users"."email" = 'milutn.milutn@milutn.com' LIMIT 1[0m
  [1m[35mSQL (0.2ms)[0m  INSERT INTO "users" ("name", "email", "encrypted_password", "created_at", "updated_at") VALUES (?, ?, ?, ?, ?)  [["name", "Milutn"], ["email", "milutn.milutn@milutn.com"], ["encrypted_password", "$2a$10$bxZq/GrhLGYwHquA6sUZaekWs16Cvb7axdfSERk6Q6K9dflukmnwq"], ["created_at", "2017-01-30 20:46:07.015991"], ["updated_at", "2017-01-30 20:46:07.015991"]]
  [1m[36m (183.0ms)[0m  [1mcommit transaction[0m
  [1m[35m (0.1ms)[0m  begin transaction
  [1m[36mSQL (0.5ms)[0m  [1mUPDATE "users" SET "last_sign_in_at" = ?, "current_sign_in_at" = ?, "last_sign_in_ip" = ?, "current_sign_in_ip" = ?, "sign_in_count" = ?, "updated_at" = ? WHERE "users"."id" = ?[0m  [["last_sign_in_at", "2017-01-30 20:46:07.201800"], ["current_sign_in_at", "2017-01-30 20:46:07.201800"], ["last_sign_in_ip", "127.0.0.1"], ["current_sign_in_ip", "127.0.0.1"], ["sign_in_count", 1], ["updated_at", "2017-01-30 20:46:07.203303"], ["id", 1]]
  [1m[35m (74.6ms)[0m  commit transaction
Redirected to http://localhost:3000/users/1
Completed 302 Found in 360ms (ActiveRecord: 258.7ms)


Started GET "/users/1" for 127.0.0.1 at 2017-01-30 21:46:07 +0100
Processing by UsersController#show as HTML
  Parameters: {"id"=>"1"}
  [1m[36mUser Load (0.3ms)[0m  [1mSELECT  "users".* FROM "users" WHERE "users"."id" = ?  ORDER BY "users"."id" ASC LIMIT 1[0m  [["id", 1]]
  [1m[35mUser Load (0.2ms)[0m  SELECT  "users".* FROM "users" WHERE "users"."id" = ? LIMIT 1  [["id", 1]]
  Rendered users/show.html.erb within layouts/application (0.6ms)
Completed 200 OK in 117ms (Views: 105.0ms | ActiveRecord: 0.5ms)


Started GET "/users/1/items" for 127.0.0.1 at 2017-01-30 21:46:13 +0100
Processing by ItemsController#index as HTML
  Parameters: {"user_id"=>"1"}
  [1m[36mUser Load (0.1ms)[0m  [1mSELECT  "users".* FROM "users" WHERE "users"."id" = ?  ORDER BY "users"."id" ASC LIMIT 1[0m  [["id", 1]]
  [1m[35mItem Load (0.1ms)[0m  SELECT "items".* FROM "items"
  Rendered collection (0.0ms)
  Rendered items/index.html.erb within layouts/application (1.7ms)
Completed 200 OK in 95ms (Views: 89.6ms | ActiveRecord: 0.3ms)


Started GET "/users/1/items/new" for 127.0.0.1 at 2017-01-30 21:46:15 +0100
Processing by ItemsController#new as HTML
  Parameters: {"user_id"=>"1"}
  [1m[36mUser Load (0.1ms)[0m  [1mSELECT  "users".* FROM "users" WHERE "users"."id" = ?  ORDER BY "users"."id" ASC LIMIT 1[0m  [["id", 1]]
  Rendered items/_form.html.erb (1.6ms)
  Rendered items/new.html.erb within layouts/application (2.5ms)
Completed 200 OK in 88ms (Views: 83.4ms | ActiveRecord: 0.2ms)


Started POST "/users/1/items" for 127.0.0.1 at 2017-01-30 21:46:30 +0100
Processing by ItemsController#create as HTML
  Parameters: {"utf8"=>"✓", "authenticity_token"=>"DUIZt797X7VlC4Bl65EbvqpxHJO7RCH6PQgytD0kv6f2lZN1qtuZ7t2m/q+7wsJKmqOI/cOyWcNpbXlnnmtEyg==", "item"=>{"name"=>"Lebac"}, "commit"=>"Save", "user_id"=>"1"}
  [1m[35mUser Load (0.1ms)[0m  SELECT  "users".* FROM "users" WHERE "users"."id" = ?  ORDER BY "users"."id" ASC LIMIT 1  [["id", 1]]
  [1m[36m (0.1ms)[0m  [1mbegin transaction[0m
  [1m[35mSQL (0.2ms)[0m  INSERT INTO "items" ("name", "user_id", "created_at", "updated_at") VALUES (?, ?, ?, ?)  [["name", "Lebac"], ["user_id", 1], ["created_at", "2017-01-30 20:46:30.614668"], ["updated_at", "2017-01-30 20:46:30.614668"]]
  [1m[36m (249.4ms)[0m  [1mcommit transaction[0m
Redirected to http://localhost:3000/users/1/items
Completed 302 Found in 254ms (ActiveRecord: 249.8ms)


Started GET "/users/1/items" for 127.0.0.1 at 2017-01-30 21:46:30 +0100
Processing by ItemsController#index as HTML
  Parameters: {"user_id"=>"1"}
  [1m[35mUser Load (0.1ms)[0m  SELECT  "users".* FROM "users" WHERE "users"."id" = ?  ORDER BY "users"."id" ASC LIMIT 1  [["id", 1]]
  [1m[36mItem Load (0.1ms)[0m  [1mSELECT "items".* FROM "items"[0m
  Rendered items/_item.html.erb (1.1ms)
  Rendered items/index.html.erb within layouts/application (2.7ms)
Completed 200 OK in 85ms (Views: 83.7ms | ActiveRecord: 0.2ms)


Started GET "/assets/bootstrap/glyphicons-halflings-regular-fe185d11a49676890d47bb783312a0cda5a44c4039214094e7957b4c040ef11c.woff2" for 127.0.0.1 at 2017-01-30 21:46:31 +0100


Started GET "/users/1/items/new" for 127.0.0.1 at 2017-01-30 21:46:32 +0100
Processing by ItemsController#new as HTML
  Parameters: {"user_id"=>"1"}
  [1m[35mUser Load (0.2ms)[0m  SELECT  "users".* FROM "users" WHERE "users"."id" = ?  ORDER BY "users"."id" ASC LIMIT 1  [["id", 1]]
  Rendered items/_form.html.erb (1.0ms)
  Rendered items/new.html.erb within layouts/application (1.5ms)
Completed 200 OK in 94ms (Views: 90.9ms | ActiveRecord: 0.2ms)


Started POST "/users/1/items" for 127.0.0.1 at 2017-01-30 21:46:40 +0100
Processing by ItemsController#create as HTML
  Parameters: {"utf8"=>"✓", "authenticity_token"=>"5JrI9TXcVTPHwCPXmWdk6bI51WmeySufQQm2Y6uNgkofTUI3IHyTaH9tXR3JNL0dgutBB+Y/U6YVbP2wCMJ5Jw==", "item"=>{"name"=>"Mljeko"}, "commit"=>"Save", "user_id"=>"1"}
  [1m[36mUser Load (0.1ms)[0m  [1mSELECT  "users".* FROM "users" WHERE "users"."id" = ?  ORDER BY "users"."id" ASC LIMIT 1[0m  [["id", 1]]
  [1m[35m (0.1ms)[0m  begin transaction
  [1m[36mSQL (0.1ms)[0m  [1mINSERT INTO "items" ("name", "user_id", "created_at", "updated_at") VALUES (?, ?, ?, ?)[0m  [["name", "Mljeko"], ["user_id", 1], ["created_at", "2017-01-30 20:46:40.971294"], ["updated_at", "2017-01-30 20:46:40.971294"]]
  [1m[35m (89.4ms)[0m  commit transaction
Redirected to http://localhost:3000/users/1/items
Completed 302 Found in 93ms (ActiveRecord: 89.7ms)


Started GET "/users/1/items" for 127.0.0.1 at 2017-01-30 21:46:41 +0100
Processing by ItemsController#index as HTML
  Parameters: {"user_id"=>"1"}
  [1m[36mUser Load (0.1ms)[0m  [1mSELECT  "users".* FROM "users" WHERE "users"."id" = ?  ORDER BY "users"."id" ASC LIMIT 1[0m  [["id", 1]]
  [1m[35mItem Load (0.1ms)[0m  SELECT "items".* FROM "items"
  Rendered items/_item.html.erb (0.9ms)
  Rendered items/index.html.erb within layouts/application (2.0ms)
Completed 200 OK in 87ms (Views: 85.7ms | ActiveRecord: 0.3ms)


Started GET "/users/1/items/new" for 127.0.0.1 at 2017-01-30 21:46:42 +0100
Processing by ItemsController#new as HTML
  Parameters: {"user_id"=>"1"}
  [1m[36mUser Load (0.1ms)[0m  [1mSELECT  "users".* FROM "users" WHERE "users"."id" = ?  ORDER BY "users"."id" ASC LIMIT 1[0m  [["id", 1]]
  Rendered items/_form.html.erb (0.8ms)
  Rendered items/new.html.erb within layouts/application (1.3ms)
Completed 200 OK in 75ms (Views: 73.6ms | ActiveRecord: 0.1ms)


Started POST "/users/1/items" for 127.0.0.1 at 2017-01-30 21:46:53 +0100
Processing by ItemsController#create as HTML
  Parameters: {"utf8"=>"✓", "authenticity_token"=>"IKqI98/6GTeA6PO3kSCxyuj2QPd/OC73KzOLfFFMb+3bfQI12lrfbDhFjX3Bc2g+2CTUmQfOVs5/VsCv8gOUgA==", "item"=>{"name"=>"Suve sljive"}, "commit"=>"Save", "user_id"=>"1"}
  [1m[35mUser Load (0.1ms)[0m  SELECT  "users".* FROM "users" WHERE "users"."id" = ?  ORDER BY "users"."id" ASC LIMIT 1  [["id", 1]]
  [1m[36m (0.1ms)[0m  [1mbegin transaction[0m
  [1m[35mSQL (0.2ms)[0m  INSERT INTO "items" ("name", "user_id", "created_at", "updated_at") VALUES (?, ?, ?, ?)  [["name", "Suve sljive"], ["user_id", 1], ["created_at", "2017-01-30 20:46:53.516189"], ["updated_at", "2017-01-30 20:46:53.516189"]]
  [1m[36m (89.2ms)[0m  [1mcommit transaction[0m
Redirected to http://localhost:3000/users/1/items
Completed 302 Found in 94ms (ActiveRecord: 89.5ms)


Started GET "/users/1/items" for 127.0.0.1 at 2017-01-30 21:46:53 +0100
Processing by ItemsController#index as HTML
  Parameters: {"user_id"=>"1"}
  [1m[35mUser Load (0.1ms)[0m  SELECT  "users".* FROM "users" WHERE "users"."id" = ?  ORDER BY "users"."id" ASC LIMIT 1  [["id", 1]]
  [1m[36mItem Load (0.2ms)[0m  [1mSELECT "items".* FROM "items"[0m
  Rendered items/_item.html.erb (1.2ms)
  Rendered items/index.html.erb within layouts/application (2.5ms)
Completed 200 OK in 110ms (Views: 108.3ms | ActiveRecord: 0.3ms)


Started GET "/users/edit" for 127.0.0.1 at 2017-01-30 21:47:02 +0100
Processing by RegistrationsController#edit as HTML
  [1m[35mUser Load (0.2ms)[0m  SELECT  "users".* FROM "users" WHERE "users"."id" = ?  ORDER BY "users"."id" ASC LIMIT 1  [["id", 1]]
  Rendered devise/registrations/edit.html.erb within layouts/application (6.5ms)
Completed 200 OK in 100ms (Views: 97.7ms | ActiveRecord: 0.2ms)


Started GET "/users/1/items" for 127.0.0.1 at 2017-01-30 21:47:08 +0100
Processing by ItemsController#index as HTML
  Parameters: {"user_id"=>"1"}
  [1m[36mUser Load (0.1ms)[0m  [1mSELECT  "users".* FROM "users" WHERE "users"."id" = ?  ORDER BY "users"."id" ASC LIMIT 1[0m  [["id", 1]]
  [1m[35mItem Load (0.1ms)[0m  SELECT "items".* FROM "items"
  Rendered items/_item.html.erb (2.1ms)
  Rendered items/index.html.erb within layouts/application (3.6ms)
Completed 200 OK in 91ms (Views: 89.3ms | ActiveRecord: 0.2ms)


Started GET "/users/1/items/new" for 127.0.0.1 at 2017-01-30 21:47:09 +0100
Processing by ItemsController#new as HTML
  Parameters: {"user_id"=>"1"}
  [1m[36mUser Load (0.1ms)[0m  [1mSELECT  "users".* FROM "users" WHERE "users"."id" = ?  ORDER BY "users"."id" ASC LIMIT 1[0m  [["id", 1]]
  Rendered items/_form.html.erb (0.8ms)
  Rendered items/new.html.erb within layouts/application (1.5ms)
Completed 200 OK in 85ms (Views: 83.8ms | ActiveRecord: 0.1ms)


Started DELETE "/users/sign_out" for 127.0.0.1 at 2017-01-30 21:47:12 +0100
Processing by Users::SessionsController#destroy as HTML
  Parameters: {"authenticity_token"=>"VzdKwJ1DaosFtEN4wbZ8lrpPAvm+POovqbYVMu0eL9es4MACiOOs0L0ZPbKR5aViip2Wl8bKkhb9017hTlHUug=="}
  [1m[35mUser Load (0.1ms)[0m  SELECT  "users".* FROM "users" WHERE "users"."id" = ?  ORDER BY "users"."id" ASC LIMIT 1  [["id", 1]]
  [1m[36m (0.1ms)[0m  [1mbegin transaction[0m
  [1m[35m (0.0ms)[0m  commit transaction
Redirected to http://localhost:3000/
Completed 302 Found in 5ms (ActiveRecord: 0.2ms)


Started GET "/" for 127.0.0.1 at 2017-01-30 21:47:12 +0100
Processing by WelcomeController#index as HTML
Completed 401 Unauthorized in 1ms (ActiveRecord: 0.0ms)


Started GET "/users/sign_in" for 127.0.0.1 at 2017-01-30 21:47:12 +0100
Processing by Users::SessionsController#new as HTML
  Rendered devise/shared/_links.html.erb (0.2ms)
  Rendered devise/sessions/new.html.erb within layouts/application (2.3ms)
Completed 200 OK in 77ms (Views: 75.9ms | ActiveRecord: 0.0ms)


Started GET "/" for 127.0.0.1 at 2017-01-30 22:06:21 +0100
  [1m[36mActiveRecord::SchemaMigration Load (0.1ms)[0m  [1mSELECT "schema_migrations".* FROM "schema_migrations"[0m
Processing by WelcomeController#index as HTML
Completed 401 Unauthorized in 11ms (ActiveRecord: 0.0ms)


Started GET "/users/sign_in" for 127.0.0.1 at 2017-01-30 22:06:21 +0100
Processing by Users::SessionsController#new as HTML
  Rendered devise/shared/_links.html.erb (1.0ms)
  Rendered devise/sessions/new.html.erb within layouts/application (14.3ms)
Completed 200 OK in 298ms (Views: 287.8ms | ActiveRecord: 0.3ms)


Started GET "/assets/bootstrap/affix.self-f7aef9d98ee5ece34a6a92a6a15bba777d93e8d908b75c95a85088277f394200.js?body=1" for 127.0.0.1 at 2017-01-30 22:06:22 +0100


Started GET "/assets/application.self-428a471253ffe3122a162fb3369c2bda46dedf6dfa68d265c70725c2b1cdf791.css?body=1" for 127.0.0.1 at 2017-01-30 22:06:22 +0100


Started GET "/assets/bootstrap/button.self-d19f3e2bcd3a7a4d75c11b9141b3fabd2c11987da1e99c85548ec3ecf8db30c3.js?body=1" for 127.0.0.1 at 2017-01-30 22:06:22 +0100


Started GET "/assets/bootstrap/alert.self-896ab026e6823f5cef2441e07dac53d0692a5b772ac58b1ce20aa624c342d3f4.js?body=1" for 127.0.0.1 at 2017-01-30 22:06:22 +0100


Started GET "/assets/bootstrap/carousel.self-b2e5e14483e6c31343a83861b7d487620f143d6fc2d07d5ae7544b6b225ba6be.js?body=1" for 127.0.0.1 at 2017-01-30 22:06:22 +0100


Started GET "/assets/bootstrap/collapse.self-93820e9b486e375a7fb4477602def3a6f8381fa6d50938d5378297ffbe4a1248.js?body=1" for 127.0.0.1 at 2017-01-30 22:06:22 +0100


Started GET "/assets/bootstrap/dropdown.self-30536ae4d54b2685c26b5787ed0eb549a9075717fe690cce6270873bedf2df00.js?body=1" for 127.0.0.1 at 2017-01-30 22:06:22 +0100


Started GET "/assets/bootstrap/tab.self-9b77df34cbbb08ec93a806d6cdb741f04e3dbf3389978a0679146f2d2987bc89.js?body=1" for 127.0.0.1 at 2017-01-30 22:06:22 +0100


Started GET "/assets/bootstrap/transition.self-9616c4e856b57659b67da3c6f2adcd584b5601ef4bebcdadab8ebb387d80bb25.js?body=1" for 127.0.0.1 at 2017-01-30 22:06:22 +0100


Started GET "/assets/bootstrap/scrollspy.self-c5c6ed008955656d345067e9821d79f1216b8383134d08465d4aa1a33a2b93b4.js?body=1" for 127.0.0.1 at 2017-01-30 22:06:22 +0100


Started GET "/assets/bootstrap/modal.self-bcfe54f3132bf16a8c5ce4289e47eba488f6522a08f49f378a037061c6c7aa4c.js?body=1" for 127.0.0.1 at 2017-01-30 22:06:22 +0100


Started GET "/assets/bootstrap/tooltip.self-3aa41fbe871573b34e0ebddf31598cd5a11a9841ca85f90934ea46326e46626d.js?body=1" for 127.0.0.1 at 2017-01-30 22:06:22 +0100


Started GET "/assets/bootstrap/popover.self-b73e9c9111d01148e24bbc46e096782e024dc5db630e7078cf11ed2587ef8551.js?body=1" for 127.0.0.1 at 2017-01-30 22:06:22 +0100


Started GET "/assets/items.self-877aef30ae1b040ab8a3aba4e3e309a11d7f2612f44dde450b5c157aa5f95c05.js?body=1" for 127.0.0.1 at 2017-01-30 22:06:22 +0100


Started GET "/assets/registrations.self-877aef30ae1b040ab8a3aba4e3e309a11d7f2612f44dde450b5c157aa5f95c05.js?body=1" for 127.0.0.1 at 2017-01-30 22:06:22 +0100


Started GET "/assets/application.self-f8806224e027f3e3f0138ea9ce99319e298dfdb323304d1f1be6eae8e8c74724.js?body=1" for 127.0.0.1 at 2017-01-30 22:06:22 +0100


Started POST "/users/sign_in" for 127.0.0.1 at 2017-01-30 22:06:27 +0100
Processing by Users::SessionsController#create as HTML
  Parameters: {"utf8"=>"✓", "authenticity_token"=>"yNhQ/A045flmEp/DmBKreJqsz5DzYcu1+cxDoJ+QhKPbLotkdJxJ7lck6e9eTjaRCB8aq2tgQj/vqCRYa3hjFg==", "user"=>{"email"=>"zuzu@zuzu.com", "password"=>"[FILTERED]", "remember_me"=>"0"}, "commit"=>"Log in"}
  [1m[35mUser Load (0.2ms)[0m  SELECT  "users".* FROM "users" WHERE "users"."email" = ?  ORDER BY "users"."id" ASC LIMIT 1  [["email", "zuzu@zuzu.com"]]
Completed 401 Unauthorized in 7ms (ActiveRecord: 0.2ms)
Processing by Users::SessionsController#new as HTML
  Parameters: {"utf8"=>"✓", "authenticity_token"=>"yNhQ/A045flmEp/DmBKreJqsz5DzYcu1+cxDoJ+QhKPbLotkdJxJ7lck6e9eTjaRCB8aq2tgQj/vqCRYa3hjFg==", "user"=>{"email"=>"zuzu@zuzu.com", "password"=>"[FILTERED]", "remember_me"=>"0"}, "commit"=>"Log in"}
  Rendered devise/shared/_links.html.erb (0.3ms)
  Rendered devise/sessions/new.html.erb within layouts/application (2.2ms)
Completed 200 OK in 200ms (Views: 135.8ms | ActiveRecord: 0.0ms)


Started POST "/users/sign_in" for 127.0.0.1 at 2017-01-30 22:06:33 +0100
Processing by Users::SessionsController#create as HTML
  Parameters: {"utf8"=>"✓", "authenticity_token"=>"5DsuLeP8m+uk/4WRo7E89pQ2UHPKo5liGlQYKdXiKJr3zfW1mlg3/JXJ871l7aEfBoWFSFKiEOgMMH/RIQrPLw==", "user"=>{"email"=>"zuzu@zuzu.com", "password"=>"[FILTERED]", "remember_me"=>"0"}, "commit"=>"Log in"}
  [1m[36mUser Load (0.1ms)[0m  [1mSELECT  "users".* FROM "users" WHERE "users"."email" = ?  ORDER BY "users"."id" ASC LIMIT 1[0m  [["email", "zuzu@zuzu.com"]]
Completed 401 Unauthorized in 3ms (ActiveRecord: 0.1ms)
Processing by Users::SessionsController#new as HTML
  Parameters: {"utf8"=>"✓", "authenticity_token"=>"5DsuLeP8m+uk/4WRo7E89pQ2UHPKo5liGlQYKdXiKJr3zfW1mlg3/JXJ871l7aEfBoWFSFKiEOgMMH/RIQrPLw==", "user"=>{"email"=>"zuzu@zuzu.com", "password"=>"[FILTERED]", "remember_me"=>"0"}, "commit"=>"Log in"}
  Rendered devise/shared/_links.html.erb (0.2ms)
  Rendered devise/sessions/new.html.erb within layouts/application (2.6ms)
Completed 200 OK in 155ms (Views: 95.1ms | ActiveRecord: 0.0ms)


Started POST "/users/sign_in" for 127.0.0.1 at 2017-01-30 22:06:59 +0100
Processing by Users::SessionsController#create as HTML
  Parameters: {"utf8"=>"✓", "authenticity_token"=>"ZUHLj2Vazd2UvCkKTFt9MJkiY41OeHq/d6i0z1lb/x12txAXHP5hyqWKXyaKB+DZC5G2ttZ58zVhzNM3rbMYqA==", "user"=>{"email"=>"milutn.milutn@milutn.com", "password"=>"[FILTERED]", "remember_me"=>"0"}, "commit"=>"Log in"}
  [1m[35mUser Load (0.1ms)[0m  SELECT  "users".* FROM "users" WHERE "users"."email" = ?  ORDER BY "users"."id" ASC LIMIT 1  [["email", "milutn.milutn@milutn.com"]]
  [1m[36m (0.1ms)[0m  [1mbegin transaction[0m
  [1m[35mSQL (0.2ms)[0m  UPDATE "users" SET "current_sign_in_at" = ?, "sign_in_count" = ?, "updated_at" = ? WHERE "users"."id" = ?  [["current_sign_in_at", "2017-01-30 21:06:59.715003"], ["sign_in_count", 2], ["updated_at", "2017-01-30 21:06:59.715808"], ["id", 1]]
  [1m[36m (42.6ms)[0m  [1mcommit transaction[0m
Redirected to http://localhost:3000/users/1
Completed 302 Found in 122ms (ActiveRecord: 43.0ms)


Started GET "/users/1" for 127.0.0.1 at 2017-01-30 22:06:59 +0100
Processing by UsersController#show as HTML
  Parameters: {"id"=>"1"}
  [1m[35mUser Load (0.2ms)[0m  SELECT  "users".* FROM "users" WHERE "users"."id" = ?  ORDER BY "users"."id" ASC LIMIT 1  [["id", 1]]
  [1m[36mUser Load (0.1ms)[0m  [1mSELECT  "users".* FROM "users" WHERE "users"."id" = ? LIMIT 1[0m  [["id", 1]]
  Rendered users/show.html.erb within layouts/application (0.7ms)
Completed 200 OK in 93ms (Views: 89.9ms | ActiveRecord: 0.3ms)


Started GET "/users/1/items" for 127.0.0.1 at 2017-01-30 22:07:02 +0100
Processing by ItemsController#index as HTML
  Parameters: {"user_id"=>"1"}
  [1m[35mUser Load (0.1ms)[0m  SELECT  "users".* FROM "users" WHERE "users"."id" = ?  ORDER BY "users"."id" ASC LIMIT 1  [["id", 1]]
  [1m[36mItem Load (0.1ms)[0m  [1mSELECT "items".* FROM "items"[0m
  Rendered items/_item.html.erb (1.7ms)
  Rendered items/index.html.erb within layouts/application (5.6ms)
Completed 200 OK in 88ms (Views: 83.3ms | ActiveRecord: 0.3ms)


Started GET "/assets/bootstrap/glyphicons-halflings-regular-fe185d11a49676890d47bb783312a0cda5a44c4039214094e7957b4c040ef11c.woff2" for 127.0.0.1 at 2017-01-30 22:07:02 +0100


Started DELETE "/users/1/items/1" for 127.0.0.1 at 2017-01-30 22:07:07 +0100
Processing by ItemsController#destroy as JS
  Parameters: {"user_id"=>"1", "id"=>"1"}
  [1m[35mUser Load (0.2ms)[0m  SELECT  "users".* FROM "users" WHERE "users"."id" = ?  ORDER BY "users"."id" ASC LIMIT 1  [["id", 1]]
  [1m[36mItem Load (0.3ms)[0m  [1mSELECT  "items".* FROM "items" WHERE "items"."id" = ? LIMIT 1[0m  [["id", 1]]
  [1m[35m (0.1ms)[0m  begin transaction
  [1m[36mSQL (0.2ms)[0m  [1mDELETE FROM "items" WHERE "items"."id" = ?[0m  [["id", 1]]
  [1m[35m (51.5ms)[0m  commit transaction
  Rendered items/destroy.js.erb (0.8ms)
Completed 200 OK in 64ms (Views: 6.1ms | ActiveRecord: 52.3ms)


Started DELETE "/users/1/items/2" for 127.0.0.1 at 2017-01-30 22:07:08 +0100
Processing by ItemsController#destroy as JS
  Parameters: {"user_id"=>"1", "id"=>"2"}
  [1m[36mUser Load (0.1ms)[0m  [1mSELECT  "users".* FROM "users" WHERE "users"."id" = ?  ORDER BY "users"."id" ASC LIMIT 1[0m  [["id", 1]]
  [1m[35mItem Load (0.1ms)[0m  SELECT  "items".* FROM "items" WHERE "items"."id" = ? LIMIT 1  [["id", 2]]
  [1m[36m (0.1ms)[0m  [1mbegin transaction[0m
  [1m[35mSQL (0.1ms)[0m  DELETE FROM "items" WHERE "items"."id" = ?  [["id", 2]]
  [1m[36m (40.6ms)[0m  [1mcommit transaction[0m
  Rendered items/destroy.js.erb (0.1ms)
Completed 200 OK in 49ms (Views: 4.5ms | ActiveRecord: 41.0ms)


Started DELETE "/users/1/items/3" for 127.0.0.1 at 2017-01-30 22:07:10 +0100
Processing by ItemsController#destroy as JS
  Parameters: {"user_id"=>"1", "id"=>"3"}
  [1m[35mUser Load (0.1ms)[0m  SELECT  "users".* FROM "users" WHERE "users"."id" = ?  ORDER BY "users"."id" ASC LIMIT 1  [["id", 1]]
  [1m[36mItem Load (0.1ms)[0m  [1mSELECT  "items".* FROM "items" WHERE "items"."id" = ? LIMIT 1[0m  [["id", 3]]
  [1m[35m (0.0ms)[0m  begin transaction
  [1m[36mSQL (0.1ms)[0m  [1mDELETE FROM "items" WHERE "items"."id" = ?[0m  [["id", 3]]
  [1m[35m (47.7ms)[0m  commit transaction
  Rendered items/destroy.js.erb (0.1ms)
Completed 200 OK in 54ms (Views: 3.1ms | ActiveRecord: 48.0ms)


Started DELETE "/users/sign_out" for 127.0.0.1 at 2017-01-30 22:07:13 +0100
Processing by Users::SessionsController#destroy as HTML
  Parameters: {"authenticity_token"=>"ttkcqD1fCb3CzerjEySVa+4rY4U8rNc6RBKskeW9DOieaNI2X1l9SEoLPlsMN4jdzvkgKUe0ll8z1JKGLyRWLA=="}
  [1m[36mUser Load (0.1ms)[0m  [1mSELECT  "users".* FROM "users" WHERE "users"."id" = ?  ORDER BY "users"."id" ASC LIMIT 1[0m  [["id", 1]]
  [1m[35m (0.1ms)[0m  begin transaction
  [1m[36m (0.0ms)[0m  [1mcommit transaction[0m
Redirected to http://localhost:3000/
Completed 302 Found in 5ms (ActiveRecord: 0.2ms)


Started GET "/" for 127.0.0.1 at 2017-01-30 22:07:13 +0100
Processing by WelcomeController#index as HTML
Completed 401 Unauthorized in 0ms (ActiveRecord: 0.0ms)


Started GET "/users/sign_in" for 127.0.0.1 at 2017-01-30 22:07:13 +0100
Processing by Users::SessionsController#new as HTML
  Rendered devise/shared/_links.html.erb (0.2ms)
  Rendered devise/sessions/new.html.erb within layouts/application (2.3ms)
Completed 200 OK in 88ms (Views: 85.6ms | ActiveRecord: 0.0ms)


Started GET "/" for 127.0.0.1 at 2017-02-23 12:03:49 +0100
  [1m[36mActiveRecord::SchemaMigration Load (0.1ms)[0m  [1mSELECT "schema_migrations".* FROM "schema_migrations"[0m
Processing by WelcomeController#index as HTML
Completed 401 Unauthorized in 15ms (ActiveRecord: 0.0ms)


Started GET "/users/sign_in" for 127.0.0.1 at 2017-02-23 12:03:49 +0100
Processing by Users::SessionsController#new as HTML
  Rendered devise/shared/_links.html.erb (1.1ms)
  Rendered devise/sessions/new.html.erb within layouts/application (17.4ms)
Completed 200 OK in 261ms (Views: 250.0ms | ActiveRecord: 0.4ms)


Started GET "/assets/application.self-428a471253ffe3122a162fb3369c2bda46dedf6dfa68d265c70725c2b1cdf791.css?body=1" for 127.0.0.1 at 2017-02-23 12:03:49 +0100


Started GET "/assets/jquery.self-a714331225dda820228db323939889f149aec0127aeb06255646b616ba1ca419.js?body=1" for 127.0.0.1 at 2017-02-23 12:03:49 +0100


Started GET "/assets/bootstrap/alert.self-896ab026e6823f5cef2441e07dac53d0692a5b772ac58b1ce20aa624c342d3f4.js?body=1" for 127.0.0.1 at 2017-02-23 12:03:49 +0100


Started GET "/assets/bootstrap/carousel.self-b2e5e14483e6c31343a83861b7d487620f143d6fc2d07d5ae7544b6b225ba6be.js?body=1" for 127.0.0.1 at 2017-02-23 12:03:49 +0100


Started GET "/assets/bootstrap/affix.self-f7aef9d98ee5ece34a6a92a6a15bba777d93e8d908b75c95a85088277f394200.js?body=1" for 127.0.0.1 at 2017-02-23 12:03:49 +0100


Started GET "/assets/bootstrap/button.self-d19f3e2bcd3a7a4d75c11b9141b3fabd2c11987da1e99c85548ec3ecf8db30c3.js?body=1" for 127.0.0.1 at 2017-02-23 12:03:49 +0100


Started GET "/assets/bootstrap/collapse.self-93820e9b486e375a7fb4477602def3a6f8381fa6d50938d5378297ffbe4a1248.js?body=1" for 127.0.0.1 at 2017-02-23 12:03:50 +0100


Started GET "/assets/bootstrap/dropdown.self-30536ae4d54b2685c26b5787ed0eb549a9075717fe690cce6270873bedf2df00.js?body=1" for 127.0.0.1 at 2017-02-23 12:03:50 +0100


Started GET "/assets/bootstrap/tab.self-9b77df34cbbb08ec93a806d6cdb741f04e3dbf3389978a0679146f2d2987bc89.js?body=1" for 127.0.0.1 at 2017-02-23 12:03:50 +0100


Started GET "/assets/bootstrap/transition.self-9616c4e856b57659b67da3c6f2adcd584b5601ef4bebcdadab8ebb387d80bb25.js?body=1" for 127.0.0.1 at 2017-02-23 12:03:50 +0100


Started GET "/assets/bootstrap/scrollspy.self-c5c6ed008955656d345067e9821d79f1216b8383134d08465d4aa1a33a2b93b4.js?body=1" for 127.0.0.1 at 2017-02-23 12:03:50 +0100


Started GET "/assets/bootstrap/modal.self-bcfe54f3132bf16a8c5ce4289e47eba488f6522a08f49f378a037061c6c7aa4c.js?body=1" for 127.0.0.1 at 2017-02-23 12:03:50 +0100


Started GET "/assets/bootstrap/tooltip.self-3aa41fbe871573b34e0ebddf31598cd5a11a9841ca85f90934ea46326e46626d.js?body=1" for 127.0.0.1 at 2017-02-23 12:03:50 +0100


Started GET "/assets/bootstrap/popover.self-b73e9c9111d01148e24bbc46e096782e024dc5db630e7078cf11ed2587ef8551.js?body=1" for 127.0.0.1 at 2017-02-23 12:03:50 +0100


Started GET "/assets/bootstrap-sprockets.self-fbfa5ad7d9aa0afe439ec4ff3883acc4cb92b62cb67c40d674320c9aa1d4642d.js?body=1" for 127.0.0.1 at 2017-02-23 12:03:50 +0100


Started GET "/assets/jquery_ujs.self-d456baa54c1fa6be2ec3711f0a72ddf7a5b2f34a6b4f515f33767d6207b7d4b3.js?body=1" for 127.0.0.1 at 2017-02-23 12:03:50 +0100


Started GET "/assets/turbolinks.self-c37727e9bd6b2735da5c311aa83fead54ed0be6cc8bd9a65309e9c5abe2cbfff.js?body=1" for 127.0.0.1 at 2017-02-23 12:03:50 +0100


Started GET "/assets/items.self-877aef30ae1b040ab8a3aba4e3e309a11d7f2612f44dde450b5c157aa5f95c05.js?body=1" for 127.0.0.1 at 2017-02-23 12:03:50 +0100


Started GET "/assets/registrations.self-877aef30ae1b040ab8a3aba4e3e309a11d7f2612f44dde450b5c157aa5f95c05.js?body=1" for 127.0.0.1 at 2017-02-23 12:03:50 +0100


Started GET "/assets/users.self-877aef30ae1b040ab8a3aba4e3e309a11d7f2612f44dde450b5c157aa5f95c05.js?body=1" for 127.0.0.1 at 2017-02-23 12:03:50 +0100


Started GET "/assets/welcome.self-877aef30ae1b040ab8a3aba4e3e309a11d7f2612f44dde450b5c157aa5f95c05.js?body=1" for 127.0.0.1 at 2017-02-23 12:03:50 +0100


Started GET "/assets/application.self-f8806224e027f3e3f0138ea9ce99319e298dfdb323304d1f1be6eae8e8c74724.js?body=1" for 127.0.0.1 at 2017-02-23 12:03:50 +0100


Started POST "/users/sign_in" for 127.0.0.1 at 2017-02-23 12:03:53 +0100
Processing by Users::SessionsController#create as HTML
  Parameters: {"utf8"=>"✓", "authenticity_token"=>"+6zFf8f3JL1xL/MWu30EYK21lc31lSLaqu5OHcCCRs/SSmQQSY3b03wnqe1KTYwVww0EwF9wKeFNiN+Kgsh83A==", "user"=>{"email"=>"vlada.vlada@gmail.com", "password"=>"[FILTERED]", "remember_me"=>"0"}, "commit"=>"Log in"}
  [1m[35mUser Load (0.3ms)[0m  SELECT  "users".* FROM "users" WHERE "users"."email" = ?  ORDER BY "users"."id" ASC LIMIT 1  [["email", "vlada.vlada@gmail.com"]]
Completed 401 Unauthorized in 45ms (ActiveRecord: 0.3ms)
Processing by Users::SessionsController#new as HTML
  Parameters: {"utf8"=>"✓", "authenticity_token"=>"+6zFf8f3JL1xL/MWu30EYK21lc31lSLaqu5OHcCCRs/SSmQQSY3b03wnqe1KTYwVww0EwF9wKeFNiN+Kgsh83A==", "user"=>{"email"=>"vlada.vlada@gmail.com", "password"=>"[FILTERED]", "remember_me"=>"0"}, "commit"=>"Log in"}
  Rendered devise/shared/_links.html.erb (0.3ms)
  Rendered devise/sessions/new.html.erb within layouts/application (3.7ms)
Completed 200 OK in 215ms (Views: 143.9ms | ActiveRecord: 0.0ms)


Started POST "/users/sign_in" for 127.0.0.1 at 2017-02-23 12:03:58 +0100
Processing by Users::SessionsController#create as HTML
  Parameters: {"utf8"=>"✓", "authenticity_token"=>"C7MA00PFmiLyNhX+Hlz/i+z8yn9hCAjXXylxvEchUVgiVaG8zb9lTP8+TwXvbHf+gkRbcsvtA+y4T+ArBWtrSw==", "user"=>{"email"=>"vlada.vlada@gmail.com", "password"=>"[FILTERED]", "remember_me"=>"0"}, "commit"=>"Log in"}
  [1m[36mUser Load (0.2ms)[0m  [1mSELECT  "users".* FROM "users" WHERE "users"."email" = ?  ORDER BY "users"."id" ASC LIMIT 1[0m  [["email", "vlada.vlada@gmail.com"]]
Completed 401 Unauthorized in 3ms (ActiveRecord: 0.2ms)
Processing by Users::SessionsController#new as HTML
  Parameters: {"utf8"=>"✓", "authenticity_token"=>"C7MA00PFmiLyNhX+Hlz/i+z8yn9hCAjXXylxvEchUVgiVaG8zb9lTP8+TwXvbHf+gkRbcsvtA+y4T+ArBWtrSw==", "user"=>{"email"=>"vlada.vlada@gmail.com", "password"=>"[FILTERED]", "remember_me"=>"0"}, "commit"=>"Log in"}
  Rendered devise/shared/_links.html.erb (0.2ms)
  Rendered devise/sessions/new.html.erb within layouts/application (1.9ms)
Completed 200 OK in 155ms (Views: 93.2ms | ActiveRecord: 0.0ms)


Started POST "/users/sign_in" for 127.0.0.1 at 2017-02-23 12:04:00 +0100
Processing by Users::SessionsController#create as HTML
  Parameters: {"utf8"=>"✓", "authenticity_token"=>"VyDBNolaQrgGJLp1msQ4F98kKvUrSu06S2aI36zXpIF+xmBZByC91gss4I5r9LBisZy7+IGv5gGsABlI7p2ekg==", "user"=>{"email"=>"vlada.vlada@gmail.com", "password"=>"[FILTERED]", "remember_me"=>"0"}, "commit"=>"Log in"}
  [1m[35mUser Load (0.1ms)[0m  SELECT  "users".* FROM "users" WHERE "users"."email" = ?  ORDER BY "users"."id" ASC LIMIT 1  [["email", "vlada.vlada@gmail.com"]]
Completed 401 Unauthorized in 1ms (ActiveRecord: 0.1ms)
Processing by Users::SessionsController#new as HTML
  Parameters: {"utf8"=>"✓", "authenticity_token"=>"VyDBNolaQrgGJLp1msQ4F98kKvUrSu06S2aI36zXpIF+xmBZByC91gss4I5r9LBisZy7+IGv5gGsABlI7p2ekg==", "user"=>{"email"=>"vlada.vlada@gmail.com", "password"=>"[FILTERED]", "remember_me"=>"0"}, "commit"=>"Log in"}
  Rendered devise/shared/_links.html.erb (0.2ms)
  Rendered devise/sessions/new.html.erb within layouts/application (1.9ms)
Completed 200 OK in 147ms (Views: 87.4ms | ActiveRecord: 0.0ms)


Started GET "/" for 127.0.0.1 at 2017-02-23 12:14:25 +0100
  [1m[36mActiveRecord::SchemaMigration Load (0.1ms)[0m  [1mSELECT "schema_migrations".* FROM "schema_migrations"[0m
Processing by WelcomeController#index as HTML
  Rendered welcome/index.html.erb within layouts/application (156.4ms)
Completed 200 OK in 436ms (Views: 429.2ms | ActiveRecord: 0.0ms)


Started GET "/" for 127.0.0.1 at 2017-02-23 12:14:25 +0100
Processing by WelcomeController#index as HTML
  Rendered welcome/index.html.erb within layouts/application (3.4ms)
Completed 200 OK in 94ms (Views: 92.9ms | ActiveRecord: 0.0ms)


Started GET "/assets/pushwagner01-4e074f53496d7ecd063bdeaf1e69dead361cd42d213a2abea811379d0a18ebcb.png" for 127.0.0.1 at 2017-02-23 12:14:26 +0100


Started GET "/users/sign_in" for 127.0.0.1 at 2017-02-23 12:14:29 +0100
Processing by Users::SessionsController#new as HTML
  Rendered devise/sessions/new.html.erb within layouts/application (357.5ms)
Completed 200 OK in 457ms (Views: 447.0ms | ActiveRecord: 0.4ms)


Started GET "/users/sign_up" for 127.0.0.1 at 2017-02-23 12:14:49 +0100
Processing by RegistrationsController#new as HTML
  Rendered devise/registrations/new.html.erb within layouts/application (3.2ms)
Completed 200 OK in 93ms (Views: 91.6ms | ActiveRecord: 0.0ms)


Started GET "/" for 127.0.0.1 at 2017-02-23 23:27:11 +0100
  [1m[36mActiveRecord::SchemaMigration Load (0.1ms)[0m  [1mSELECT "schema_migrations".* FROM "schema_migrations"[0m
Processing by WelcomeController#index as HTML
  Rendered welcome/index.html.erb within layouts/application (133.4ms)
Completed 200 OK in 349ms (Views: 341.4ms | ActiveRecord: 0.0ms)


Started GET "/assets/application.self-428a471253ffe3122a162fb3369c2bda46dedf6dfa68d265c70725c2b1cdf791.css?body=1" for 127.0.0.1 at 2017-02-23 23:27:12 +0100


Started GET "/assets/bootstrap/carousel.self-b2e5e14483e6c31343a83861b7d487620f143d6fc2d07d5ae7544b6b225ba6be.js?body=1" for 127.0.0.1 at 2017-02-23 23:27:12 +0100


Started GET "/assets/bootstrap/alert.self-896ab026e6823f5cef2441e07dac53d0692a5b772ac58b1ce20aa624c342d3f4.js?body=1" for 127.0.0.1 at 2017-02-23 23:27:12 +0100


Started GET "/assets/bootstrap/button.self-d19f3e2bcd3a7a4d75c11b9141b3fabd2c11987da1e99c85548ec3ecf8db30c3.js?body=1" for 127.0.0.1 at 2017-02-23 23:27:12 +0100


Started GET "/assets/bootstrap/affix.self-f7aef9d98ee5ece34a6a92a6a15bba777d93e8d908b75c95a85088277f394200.js?body=1" for 127.0.0.1 at 2017-02-23 23:27:12 +0100


Started GET "/assets/bootstrap/collapse.self-93820e9b486e375a7fb4477602def3a6f8381fa6d50938d5378297ffbe4a1248.js?body=1" for 127.0.0.1 at 2017-02-23 23:27:12 +0100


Started GET "/assets/bootstrap/dropdown.self-30536ae4d54b2685c26b5787ed0eb549a9075717fe690cce6270873bedf2df00.js?body=1" for 127.0.0.1 at 2017-02-23 23:27:12 +0100


Started GET "/assets/bootstrap/tab.self-9b77df34cbbb08ec93a806d6cdb741f04e3dbf3389978a0679146f2d2987bc89.js?body=1" for 127.0.0.1 at 2017-02-23 23:27:12 +0100


Started GET "/assets/bootstrap/transition.self-9616c4e856b57659b67da3c6f2adcd584b5601ef4bebcdadab8ebb387d80bb25.js?body=1" for 127.0.0.1 at 2017-02-23 23:27:12 +0100


Started GET "/assets/bootstrap/scrollspy.self-c5c6ed008955656d345067e9821d79f1216b8383134d08465d4aa1a33a2b93b4.js?body=1" for 127.0.0.1 at 2017-02-23 23:27:12 +0100


Started GET "/assets/bootstrap/modal.self-bcfe54f3132bf16a8c5ce4289e47eba488f6522a08f49f378a037061c6c7aa4c.js?body=1" for 127.0.0.1 at 2017-02-23 23:27:12 +0100


Started GET "/assets/bootstrap/tooltip.self-3aa41fbe871573b34e0ebddf31598cd5a11a9841ca85f90934ea46326e46626d.js?body=1" for 127.0.0.1 at 2017-02-23 23:27:12 +0100


Started GET "/assets/bootstrap/popover.self-b73e9c9111d01148e24bbc46e096782e024dc5db630e7078cf11ed2587ef8551.js?body=1" for 127.0.0.1 at 2017-02-23 23:27:12 +0100


Started GET "/assets/bootstrap-sprockets.self-fbfa5ad7d9aa0afe439ec4ff3883acc4cb92b62cb67c40d674320c9aa1d4642d.js?body=1" for 127.0.0.1 at 2017-02-23 23:27:12 +0100


Started GET "/assets/items.self-877aef30ae1b040ab8a3aba4e3e309a11d7f2612f44dde450b5c157aa5f95c05.js?body=1" for 127.0.0.1 at 2017-02-23 23:27:12 +0100


Started GET "/assets/registrations.self-877aef30ae1b040ab8a3aba4e3e309a11d7f2612f44dde450b5c157aa5f95c05.js?body=1" for 127.0.0.1 at 2017-02-23 23:27:12 +0100


Started GET "/assets/welcome.self-877aef30ae1b040ab8a3aba4e3e309a11d7f2612f44dde450b5c157aa5f95c05.js?body=1" for 127.0.0.1 at 2017-02-23 23:27:12 +0100


Started GET "/assets/pushwagner01-4e074f53496d7ecd063bdeaf1e69dead361cd42d213a2abea811379d0a18ebcb.png" for 127.0.0.1 at 2017-02-23 23:27:12 +0100


Started GET "/users/sign_in" for 127.0.0.1 at 2017-02-23 23:27:14 +0100
Processing by Users::SessionsController#new as HTML
  Rendered devise/sessions/new.html.erb within layouts/application (398.8ms)
Completed 200 OK in 512ms (Views: 499.0ms | ActiveRecord: 0.4ms)


Started POST "/users/sign_in" for 127.0.0.1 at 2017-02-23 23:27:17 +0100
Processing by Users::SessionsController#create as HTML
  Parameters: {"utf8"=>"✓", "authenticity_token"=>"2a3Rtqq6IKZN3taSfTWK2e6e9qsRtyGJkt5B1bw6WWXwS3DZJMDfyEDWjGmMBQKsgCZnprtSKrJ1uNBC/nBjdg==", "user"=>{"email"=>"aleks.programmer@google.com", "password"=>"[FILTERED]", "remember_me"=>"0"}, "commit"=>"Sign in"}
  [1m[35mUser Load (0.4ms)[0m  SELECT  "users".* FROM "users" WHERE "users"."email" = ?  ORDER BY "users"."id" ASC LIMIT 1  [["email", "aleks.programmer@google.com"]]
Completed 401 Unauthorized in 53ms (ActiveRecord: 0.4ms)
Processing by Users::SessionsController#new as HTML
  Parameters: {"utf8"=>"✓", "authenticity_token"=>"2a3Rtqq6IKZN3taSfTWK2e6e9qsRtyGJkt5B1bw6WWXwS3DZJMDfyEDWjGmMBQKsgCZnprtSKrJ1uNBC/nBjdg==", "user"=>{"email"=>"aleks.programmer@google.com", "password"=>"[FILTERED]", "remember_me"=>"0"}, "commit"=>"Sign in"}
  Rendered devise/sessions/new.html.erb within layouts/application (1.8ms)
Completed 200 OK in 165ms (Views: 96.5ms | ActiveRecord: 0.0ms)


Started POST "/users/sign_in" for 127.0.0.1 at 2017-02-23 23:27:28 +0100
Processing by Users::SessionsController#create as HTML
  Parameters: {"utf8"=>"✓", "authenticity_token"=>"F6H/+EMXYWnZB5wJV5/Gq1x1Uq6QrLFsq93cZqwa2tQ+R16XzW2eB9QPxvKmr07eMs3DozpJuldMu03x7lDgxw==", "user"=>{"email"=>"aleks.programmer@google.com", "password"=>"[FILTERED]", "remember_me"=>"0"}, "commit"=>"Sign in"}
  [1m[36mUser Load (0.1ms)[0m  [1mSELECT  "users".* FROM "users" WHERE "users"."email" = ?  ORDER BY "users"."id" ASC LIMIT 1[0m  [["email", "aleks.programmer@google.com"]]
Completed 401 Unauthorized in 2ms (ActiveRecord: 0.1ms)
Processing by Users::SessionsController#new as HTML
  Parameters: {"utf8"=>"✓", "authenticity_token"=>"F6H/+EMXYWnZB5wJV5/Gq1x1Uq6QrLFsq93cZqwa2tQ+R16XzW2eB9QPxvKmr07eMs3DozpJuldMu03x7lDgxw==", "user"=>{"email"=>"aleks.programmer@google.com", "password"=>"[FILTERED]", "remember_me"=>"0"}, "commit"=>"Sign in"}
  Rendered devise/sessions/new.html.erb within layouts/application (1.4ms)
Completed 200 OK in 162ms (Views: 97.9ms | ActiveRecord: 0.0ms)


Started GET "/users/sign_up" for 127.0.0.1 at 2017-02-23 23:27:35 +0100
Processing by RegistrationsController#new as HTML
  Rendered devise/registrations/new.html.erb within layouts/application (3.1ms)
Completed 200 OK in 106ms (Views: 104.8ms | ActiveRecord: 0.0ms)


Started POST "/users" for 127.0.0.1 at 2017-02-23 23:28:28 +0100
Processing by RegistrationsController#create as HTML
  Parameters: {"utf8"=>"✓", "authenticity_token"=>"oPHGsSZjRvwrDtVMt2TxjiZl4cTx9jBoK0j2PfQQIEiJF2feqBm5kiYGj7dGVHn7SN1wyVsTO1PMLmeqtloaWw==", "user"=>{"email"=>"jovana.jovana@jovana.moc", "name"=>"Jovana", "password"=>"[FILTERED]", "password_confirmation"=>"[FILTERED]"}, "commit"=>"Sign up"}
  [1m[35m (0.1ms)[0m  begin transaction
  [1m[36mUser Exists (0.3ms)[0m  [1mSELECT  1 AS one FROM "users" WHERE "users"."email" = 'jovana.jovana@jovana.moc' LIMIT 1[0m
  [1m[35m (0.1ms)[0m  rollback transaction
  Rendered devise/registrations/new.html.erb within layouts/application (3.5ms)
Completed 200 OK in 323ms (Views: 97.5ms | ActiveRecord: 0.5ms)


Started POST "/users" for 127.0.0.1 at 2017-02-23 23:28:49 +0100
Processing by RegistrationsController#create as HTML
  Parameters: {"utf8"=>"✓", "authenticity_token"=>"DyqE9VfnosN0XqVnCZ9mQ/b4yD5ErFT9D+3t/EsnXSMmzCWa2Z1drXlW/5z4r+42mEBZM+5JX8boi3xrCW1nMA==", "user"=>{"email"=>"jovana.jovana@jovana.moc", "name"=>"Jovana", "password"=>"[FILTERED]", "password_confirmation"=>"[FILTERED]"}, "commit"=>"Sign up"}
  [1m[36m (0.1ms)[0m  [1mbegin transaction[0m
  [1m[35mUser Exists (0.1ms)[0m  SELECT  1 AS one FROM "users" WHERE "users"."email" = 'jovana.jovana@jovana.moc' LIMIT 1
  [1m[36mSQL (2.6ms)[0m  [1mINSERT INTO "users" ("name", "email", "encrypted_password", "created_at", "updated_at") VALUES (?, ?, ?, ?, ?)[0m  [["name", "Jovana"], ["email", "jovana.jovana@jovana.moc"], ["encrypted_password", "$2a$10$FehkB8iEeptskqsIBpGe.euRxX09k.cxYKf.GTipBXStDLChOiv1O"], ["created_at", "2017-02-23 22:28:49.927534"], ["updated_at", "2017-02-23 22:28:49.927534"]]
  [1m[35m (41.1ms)[0m  commit transaction
  [1m[36m (0.1ms)[0m  [1mbegin transaction[0m
  [1m[35mSQL (0.3ms)[0m  UPDATE "users" SET "last_sign_in_at" = ?, "current_sign_in_at" = ?, "last_sign_in_ip" = ?, "current_sign_in_ip" = ?, "sign_in_count" = ?, "updated_at" = ? WHERE "users"."id" = ?  [["last_sign_in_at", "2017-02-23 22:28:49.973131"], ["current_sign_in_at", "2017-02-23 22:28:49.973131"], ["last_sign_in_ip", "127.0.0.1"], ["current_sign_in_ip", "127.0.0.1"], ["sign_in_count", 1], ["updated_at", "2017-02-23 22:28:49.973873"], ["id", 2]]
  [1m[36m (47.0ms)[0m  [1mcommit transaction[0m
Redirected to http://localhost:3000/users/2
Completed 302 Found in 164ms (ActiveRecord: 91.2ms)


Started GET "/users/2" for 127.0.0.1 at 2017-02-23 23:28:50 +0100
Processing by UsersController#show as HTML
  Parameters: {"id"=>"2"}
  [1m[35mUser Load (0.2ms)[0m  SELECT  "users".* FROM "users" WHERE "users"."id" = ? LIMIT 1  [["id", 2]]
  Rendered users/show.html.erb within layouts/application (0.9ms)
  [1m[36mUser Load (0.3ms)[0m  [1mSELECT  "users".* FROM "users" WHERE "users"."id" = ?  ORDER BY "users"."id" ASC LIMIT 1[0m  [["id", 2]]
Completed 200 OK in 123ms (Views: 119.2ms | ActiveRecord: 0.6ms)


Started GET "/users/2/items" for 127.0.0.1 at 2017-02-23 23:28:53 +0100
Processing by ItemsController#index as HTML
  Parameters: {"user_id"=>"2"}
  [1m[35mItem Load (0.2ms)[0m  SELECT "items".* FROM "items"
  Rendered collection (0.0ms)
  Rendered items/index.html.erb within layouts/application (6.5ms)
  [1m[36mUser Load (0.1ms)[0m  [1mSELECT  "users".* FROM "users" WHERE "users"."id" = ?  ORDER BY "users"."id" ASC LIMIT 1[0m  [["id", 2]]
Completed 200 OK in 155ms (Views: 147.2ms | ActiveRecord: 0.3ms)


Started GET "/users/2/items/new" for 127.0.0.1 at 2017-02-23 23:28:54 +0100
Processing by ItemsController#new as HTML
  Parameters: {"user_id"=>"2"}
  [1m[35mUser Load (0.2ms)[0m  SELECT  "users".* FROM "users" WHERE "users"."id" = ?  ORDER BY "users"."id" ASC LIMIT 1  [["id", 2]]
  Rendered items/_form.html.erb (2.0ms)
  Rendered items/new.html.erb within layouts/application (3.3ms)
Completed 200 OK in 108ms (Views: 99.4ms | ActiveRecord: 0.3ms)


Started POST "/users/2/items" for 127.0.0.1 at 2017-02-23 23:29:01 +0100
Processing by ItemsController#create as HTML
  Parameters: {"utf8"=>"✓", "authenticity_token"=>"dxKmFn2GDCSEfKJzMfd5NulYAkrd/L2uwSx1+OkZW5Ze9Ad58/zzSol0+IjAx/FDh+CTR3cZtpUmSuRvq1NhhQ==", "item"=>{"name"=>"Mljeko"}, "commit"=>"Save", "user_id"=>"2"}
  [1m[36mUser Load (0.1ms)[0m  [1mSELECT  "users".* FROM "users" WHERE "users"."id" = ?  ORDER BY "users"."id" ASC LIMIT 1[0m  [["id", 2]]
  [1m[35m (0.1ms)[0m  begin transaction
  [1m[36mSQL (0.3ms)[0m  [1mINSERT INTO "items" ("name", "user_id", "created_at", "updated_at") VALUES (?, ?, ?, ?)[0m  [["name", "Mljeko"], ["user_id", 2], ["created_at", "2017-02-23 22:29:01.392630"], ["updated_at", "2017-02-23 22:29:01.392630"]]
  [1m[35m (101.7ms)[0m  commit transaction
Redirected to http://localhost:3000/users/2/items
Completed 302 Found in 108ms (ActiveRecord: 102.2ms)


Started GET "/users/2/items" for 127.0.0.1 at 2017-02-23 23:29:01 +0100
Processing by ItemsController#index as HTML
  Parameters: {"user_id"=>"2"}
  [1m[36mItem Load (0.2ms)[0m  [1mSELECT "items".* FROM "items"[0m
  [1m[35mUser Load (0.1ms)[0m  SELECT  "users".* FROM "users" WHERE "users"."id" = ?  ORDER BY "users"."id" ASC LIMIT 1  [["id", 2]]
  Rendered items/_item.html.erb (3.0ms)
  Rendered items/index.html.erb within layouts/application (7.5ms)
Completed 200 OK in 110ms (Views: 108.9ms | ActiveRecord: 0.3ms)


Started GET "/assets/bootstrap/glyphicons-halflings-regular-fe185d11a49676890d47bb783312a0cda5a44c4039214094e7957b4c040ef11c.woff2" for 127.0.0.1 at 2017-02-23 23:29:01 +0100


Started GET "/users/2/items/new" for 127.0.0.1 at 2017-02-23 23:29:03 +0100
Processing by ItemsController#new as HTML
  Parameters: {"user_id"=>"2"}
  [1m[36mUser Load (0.1ms)[0m  [1mSELECT  "users".* FROM "users" WHERE "users"."id" = ?  ORDER BY "users"."id" ASC LIMIT 1[0m  [["id", 2]]
  Rendered items/_form.html.erb (0.9ms)
  Rendered items/new.html.erb within layouts/application (1.4ms)
Completed 200 OK in 99ms (Views: 97.7ms | ActiveRecord: 0.1ms)


Started POST "/users/2/items" for 127.0.0.1 at 2017-02-23 23:29:09 +0100
Processing by ItemsController#create as HTML
  Parameters: {"utf8"=>"✓", "authenticity_token"=>"iBSRDHtcwq9slJrr8I9NLen9WNTRUDL68tFs+Cwsg/Sh8jBj9SY9wWGcwBABv8VYh0XJ2Xu1OcEVt/1vbma55w==", "item"=>{"name"=>"Hjleb"}, "commit"=>"Save", "user_id"=>"2"}
  [1m[35mUser Load (0.1ms)[0m  SELECT  "users".* FROM "users" WHERE "users"."id" = ?  ORDER BY "users"."id" ASC LIMIT 1  [["id", 2]]
  [1m[36m (0.1ms)[0m  [1mbegin transaction[0m
  [1m[35mSQL (0.2ms)[0m  INSERT INTO "items" ("name", "user_id", "created_at", "updated_at") VALUES (?, ?, ?, ?)  [["name", "Hjleb"], ["user_id", 2], ["created_at", "2017-02-23 22:29:09.733428"], ["updated_at", "2017-02-23 22:29:09.733428"]]
  [1m[36m (206.6ms)[0m  [1mcommit transaction[0m
Redirected to http://localhost:3000/users/2/items
Completed 302 Found in 212ms (ActiveRecord: 206.9ms)


Started GET "/users/2/items" for 127.0.0.1 at 2017-02-23 23:29:09 +0100
Processing by ItemsController#index as HTML
  Parameters: {"user_id"=>"2"}
  [1m[35mItem Load (0.2ms)[0m  SELECT "items".* FROM "items"
  [1m[36mUser Load (0.1ms)[0m  [1mSELECT  "users".* FROM "users" WHERE "users"."id" = ?  ORDER BY "users"."id" ASC LIMIT 1[0m  [["id", 2]]
  Rendered items/_item.html.erb (1.9ms)
  Rendered items/index.html.erb within layouts/application (3.3ms)
Completed 200 OK in 96ms (Views: 95.1ms | ActiveRecord: 0.3ms)


Started GET "/users/2/items/new" for 127.0.0.1 at 2017-02-23 23:29:11 +0100
Processing by ItemsController#new as HTML
  Parameters: {"user_id"=>"2"}
  [1m[35mUser Load (0.2ms)[0m  SELECT  "users".* FROM "users" WHERE "users"."id" = ?  ORDER BY "users"."id" ASC LIMIT 1  [["id", 2]]
  Rendered items/_form.html.erb (1.0ms)
  Rendered items/new.html.erb within layouts/application (1.5ms)
Completed 200 OK in 100ms (Views: 97.5ms | ActiveRecord: 0.2ms)


Started POST "/users/2/items" for 127.0.0.1 at 2017-02-23 23:29:19 +0100
Processing by ItemsController#create as HTML
  Parameters: {"utf8"=>"✓", "authenticity_token"=>"H3J+yTB7rWAuL63eKiXMONnTq6adE1eb/uckz5qK3b02lN+mvgFSDiMn9yXbFURNt2s6qzf2XKAZgbVY2MDnrg==", "item"=>{"name"=>"Astal"}, "commit"=>"Save", "user_id"=>"2"}
  [1m[36mUser Load (0.1ms)[0m  [1mSELECT  "users".* FROM "users" WHERE "users"."id" = ?  ORDER BY "users"."id" ASC LIMIT 1[0m  [["id", 2]]
  [1m[35m (0.1ms)[0m  begin transaction
  [1m[36mSQL (0.1ms)[0m  [1mINSERT INTO "items" ("name", "user_id", "created_at", "updated_at") VALUES (?, ?, ?, ?)[0m  [["name", "Astal"], ["user_id", 2], ["created_at", "2017-02-23 22:29:19.323439"], ["updated_at", "2017-02-23 22:29:19.323439"]]
  [1m[35m (117.8ms)[0m  commit transaction
Redirected to http://localhost:3000/users/2/items
Completed 302 Found in 122ms (ActiveRecord: 118.1ms)


Started GET "/users/2/items" for 127.0.0.1 at 2017-02-23 23:29:19 +0100
Processing by ItemsController#index as HTML
  Parameters: {"user_id"=>"2"}
  [1m[36mItem Load (0.2ms)[0m  [1mSELECT "items".* FROM "items"[0m
  [1m[35mUser Load (0.1ms)[0m  SELECT  "users".* FROM "users" WHERE "users"."id" = ?  ORDER BY "users"."id" ASC LIMIT 1  [["id", 2]]
  Rendered items/_item.html.erb (1.9ms)
  Rendered items/index.html.erb within layouts/application (3.2ms)
Completed 200 OK in 103ms (Views: 102.4ms | ActiveRecord: 0.2ms)


Started GET "/users/2/items/new" for 127.0.0.1 at 2017-02-23 23:29:21 +0100
Processing by ItemsController#new as HTML
  Parameters: {"user_id"=>"2"}
  [1m[36mUser Load (0.1ms)[0m  [1mSELECT  "users".* FROM "users" WHERE "users"."id" = ?  ORDER BY "users"."id" ASC LIMIT 1[0m  [["id", 2]]
  Rendered items/_form.html.erb (0.9ms)
  Rendered items/new.html.erb within layouts/application (1.4ms)
Completed 200 OK in 96ms (Views: 94.9ms | ActiveRecord: 0.1ms)


Started POST "/users/2/items" for 127.0.0.1 at 2017-02-23 23:29:31 +0100
Processing by ItemsController#create as HTML
  Parameters: {"utf8"=>"✓", "authenticity_token"=>"MO7RZX5hY6/nPmGsKv0Ob6/u/WbMVFSXA7fYAZIkAH8ZCHAK8Bucweo2O1fbzYYawVZsa2axX6zk0UmW0G46bA==", "item"=>{"name"=>"Rajcica"}, "commit"=>"Save", "user_id"=>"2"}
  [1m[35mUser Load (0.1ms)[0m  SELECT  "users".* FROM "users" WHERE "users"."id" = ?  ORDER BY "users"."id" ASC LIMIT 1  [["id", 2]]
  [1m[36m (0.1ms)[0m  [1mbegin transaction[0m
  [1m[35mSQL (0.2ms)[0m  INSERT INTO "items" ("name", "user_id", "created_at", "updated_at") VALUES (?, ?, ?, ?)  [["name", "Rajcica"], ["user_id", 2], ["created_at", "2017-02-23 22:29:31.376915"], ["updated_at", "2017-02-23 22:29:31.376915"]]
  [1m[36m (110.2ms)[0m  [1mcommit transaction[0m
Redirected to http://localhost:3000/users/2/items
Completed 302 Found in 115ms (ActiveRecord: 110.6ms)


Started GET "/users/2/items" for 127.0.0.1 at 2017-02-23 23:29:31 +0100
Processing by ItemsController#index as HTML
  Parameters: {"user_id"=>"2"}
  [1m[35mItem Load (0.2ms)[0m  SELECT "items".* FROM "items"
  [1m[36mUser Load (0.1ms)[0m  [1mSELECT  "users".* FROM "users" WHERE "users"."id" = ?  ORDER BY "users"."id" ASC LIMIT 1[0m  [["id", 2]]
  Rendered items/_item.html.erb (2.3ms)
  Rendered items/index.html.erb within layouts/application (3.5ms)
Completed 200 OK in 115ms (Views: 113.7ms | ActiveRecord: 0.2ms)
